
[2024-08-09T22:26:22.221511+02:00] app.INFO: Usuário acessou a página de clientes. {"username":"Teste2"} []
[2024-08-09T22:26:22.242556+02:00] app.INFO: Conectado ao banco de dados com sucesso. [] []
[2024-08-09T22:26:22.542595+02:00] app.INFO: Desconectado do banco de dados. [] []
[2024-08-09T22:26:38.391924+02:00] app.INFO: Usuário acessou a página de clientes. {"username":"Teste2"} []
[2024-08-09T22:29:21.811205+02:00] app.INFO: Cliente criado com sucesso. {"nome":"Lucas Peixoto","cpf":"345.3445.344-34"} []
[2024-08-09T22:29:21.839603+02:00] app.INFO: Usuário acessou a página de clientes. {"username":"Teste2"} []
[2024-08-09T22:29:21.851575+02:00] app.INFO: Conectado ao banco de dados com sucesso. [] []
[2024-08-09T22:29:21.863831+02:00] app.INFO: Desconectado do banco de dados. [] []
[2024-08-09T22:40:52.495809+02:00] app.INFO: Tentativa de criação de um novo cliente. [] []
[2024-08-09T22:40:52.532410+02:00] app.INFO: Cliente criado com sucesso. {"nome":"João da Silva","cpf":"137.383.479-09"} []
[2024-08-09T22:40:52.574697+02:00] app.INFO: Usuário acessou a página de clientes. {"username":"Teste2"} []
[2024-08-09T22:40:52.583559+02:00] app.INFO: Conectado ao banco de dados com sucesso. [] []
[2024-08-09T22:40:52.598289+02:00] app.INFO: Desconectado do banco de dados. [] []
[2024-08-09T22:41:02.463121+02:00] app.INFO: Usuário acessou a página de clientes. {"username":"Teste2"} []
[2024-08-09T22:41:02.475851+02:00] app.INFO: Conectado ao banco de dados com sucesso. [] []
[2024-08-09T22:41:02.483540+02:00] app.INFO: Tentativa de exclusão de um cliente. {"id":"66b67ed42c4199ba7a0ed457"} []
[2024-08-09T22:41:02.506911+02:00] app.INFO: Cliente excluído com sucesso. {"id":"66b67ed42c4199ba7a0ed457"} []
[2024-08-09T22:41:02.512848+02:00] app.INFO: Desconectado do banco de dados. [] []
[2024-08-09T22:41:40.177669+02:00] app.INFO: Usuário acessou a página de clientes. {"username":"Teste2"} []
[2024-08-09T22:41:40.304778+02:00] app.INFO: Conectado ao banco de dados com sucesso. [] []
[2024-08-09T22:41:40.509984+02:00] app.INFO: Desconectado do banco de dados. [] []
[2024-08-09T22:42:04.767866+02:00] app.INFO: Usuário acessou a página de clientes. {"username":"Teste2"} []
[2024-08-09T22:42:04.784909+02:00] app.INFO: Conectado ao banco de dados com sucesso. [] []
[2024-08-09T22:42:04.799344+02:00] app.INFO: Desconectado do banco de dados. [] []
[2024-08-09T22:42:26.689614+02:00] app.INFO: Tentativa de atualização de um cliente. {"id":"66b67c212c4199ba7a0ed456"} []
[2024-08-09T22:42:27.011617+02:00] app.INFO: Cliente atualizado com sucesso. {"id":"66b67c212c4199ba7a0ed456","nome":"Lucas Peixoto","cpf":"222.222.222-22"} []
[2024-08-09T22:42:27.049108+02:00] app.INFO: Usuário acessou a página de clientes. {"username":"Teste2"} []
[2024-08-09T22:42:27.060860+02:00] app.INFO: Conectado ao banco de dados com sucesso. [] []
[2024-08-09T22:42:27.070954+02:00] app.INFO: Desconectado do banco de dados. [] []
[2024-08-09T22:43:59.015138+02:00] app.INFO: Usuário acessou a página de clientes. {"username":"Teste2"} []
[2024-08-09T22:43:59.030491+02:00] app.INFO: Conectado ao banco de dados com sucesso. [] []
[2024-08-09T22:43:59.045196+02:00] app.INFO: Desconectado do banco de dados. [] []
[2024-08-09T22:47:53.925183+02:00] app.WARNING: Aviso: Este é um aviso de exemplo. [] []
[2024-08-09T22:47:55.996440+02:00] app.ERROR: Erro: Este é um erro de exemplo. [] []
[2024-08-09T22:48:38.143266+02:00] app.WARNING: Aviso: Este é um aviso de exemplo. [] []
[2024-08-09T22:48:38.152243+02:00] app.ERROR: Erro: Este é um erro de exemplo. [] []
[2024-08-09T22:48:45.875132+02:00] app.WARNING: Aviso: Este é um aviso de exemplo. [] []
[2024-08-09T22:48:45.879733+02:00] app.ERROR: Erro: Este é um erro de exemplo. [] []
[2024-08-09T23:23:48.393241+02:00] app.INFO: Usuário acessou a página de clientes. {"username":"Usuario1"} []
[2024-08-09T23:23:48.428673+02:00] app.INFO: Conectado ao banco de dados com sucesso. [] []
[2024-08-09T23:23:48.469878+02:00] app.INFO: Desconectado do banco de dados. [] []
[2024-08-09T23:23:56.696362+02:00] app.WARNING: Aviso: Este é um aviso de exemplo. [] []
[2024-08-09T23:23:56.703027+02:00] app.ERROR: Erro: Este é um erro de exemplo. [] []
[2024-08-09T23:24:04.015064+02:00] app.WARNING: Aviso: Este é um aviso de exemplo. [] []
[2024-08-09T23:24:04.018118+02:00] app.ERROR: Erro: Este é um erro de exemplo. [] []
[2024-08-09T23:24:12.437486+02:00] app.WARNING: Aviso: Este é um aviso de exemplo. [] []
[2024-08-09T23:24:12.445019+02:00] app.ERROR: Erro: Este é um erro de exemplo. [] []
[2024-08-09T23:24:28.537919+02:00] app.INFO: Usuário acessou a página de clientes. {"username":"Usuario1"} []
[2024-08-09T23:24:28.553511+02:00] app.INFO: Conectado ao banco de dados com sucesso. [] []
[2024-08-09T23:24:28.567832+02:00] app.INFO: Desconectado do banco de dados. [] []
[2024-08-09T23:25:36.615990+02:00] app.INFO: Usuário acessou a página de clientes. {"username":"Usuario1"} []
[2024-08-09T23:25:36.632456+02:00] app.INFO: Conectado ao banco de dados com sucesso. [] []
[2024-08-09T23:25:36.649728+02:00] app.INFO: Desconectado do banco de dados. [] []
[2024-08-09T23:25:38.464955+02:00] app.INFO: Usuário acessou a página de fornecedores. {"username":"Usuario1"} []
[2024-08-09T23:28:31.715701+02:00] app.INFO: Usuário acessou a página de clientes. {"username":"Usuario1"} []
[2024-08-09T23:28:31.733775+02:00] app.INFO: Conectado ao banco de dados com sucesso. [] []
[2024-08-09T23:28:31.748486+02:00] app.INFO: Desconectado do banco de dados. [] []
[2024-08-09T23:28:34.621838+02:00] app.INFO: Usuário acessou a página de fornecedores. {"username":"Usuario1"} []
[2024-08-09T23:36:25.418551+02:00] app.INFO: Usuário acessou a página de clientes. {"username":"Usuario1"} []
[2024-08-09T23:36:25.446658+02:00] app.INFO: Conectado ao banco de dados com sucesso. [] []
[2024-08-09T23:36:25.467885+02:00] app.INFO: Desconectado do banco de dados. [] []
[2024-08-09T23:36:28.082186+02:00] app.INFO: Usuário acessou a página de fornecedores. {"username":"Usuario1"} []
[2024-08-09T23:39:34.678376+02:00] app.INFO: Usuário acessou a página de clientes. {"username":"Usuario1"} []
[2024-08-09T23:39:34.696044+02:00] app.INFO: Conectado ao banco de dados com sucesso. [] []
[2024-08-09T23:39:34.712961+02:00] app.INFO: Desconectado do banco de dados. [] []
[2024-08-09T23:39:36.657229+02:00] app.INFO: Usuário acessou a página de fornecedores. {"username":"Usuario1"} []
[2024-08-09T23:39:36.676633+02:00] app.INFO: Conectado ao banco de dados com sucesso. [] []
[2024-08-09T23:39:36.705651+02:00] app.INFO: Desconectado do banco de dados. [] []
[2024-08-09T23:41:23.166179+02:00] app.INFO: Usuário acessou a página de clientes. {"username":"Usuario1"} []
[2024-08-09T23:41:23.180624+02:00] app.INFO: Conectado ao banco de dados com sucesso. [] []
[2024-08-09T23:41:23.198006+02:00] app.INFO: Desconectado do banco de dados. [] []
[2024-08-09T23:41:35.315518+02:00] app.INFO: Usuário acessou a página de clientes. {"username":"Usuario1"} []
[2024-08-09T23:41:35.332797+02:00] app.INFO: Conectado ao banco de dados com sucesso. [] []
[2024-08-09T23:41:35.361467+02:00] app.INFO: Desconectado do banco de dados. [] []
[2024-08-09T23:41:44.249511+02:00] app.INFO: Usuário acessou a página de fornecedores. {"username":"Usuario1"} []
[2024-08-09T23:41:44.264289+02:00] app.INFO: Conectado ao banco de dados com sucesso. [] []
[2024-08-09T23:41:44.278192+02:00] app.INFO: Desconectado do banco de dados. [] []
[2024-08-09T23:42:18.968765+02:00] app.INFO: Usuário acessou a página de fornecedores. {"username":"Usuario1"} []
[2024-08-09T23:42:18.982099+02:00] app.INFO: Conectado ao banco de dados com sucesso. [] []
[2024-08-09T23:42:18.999024+02:00] app.INFO: Desconectado do banco de dados. [] []
[2024-08-09T23:43:36.389293+02:00] app.INFO: Tentativa de criação de um novo fornecedor. [] []
[2024-08-09T23:43:36.412674+02:00] app.INFO: Fornecedor criado com sucesso. {"nome":"Sadia","cnpj":"34.675.456/0001-45"} []
[2024-08-09T23:43:36.457335+02:00] app.INFO: Usuário acessou a página de fornecedores. {"username":"Usuario1"} []
[2024-08-09T23:43:36.472643+02:00] app.INFO: Conectado ao banco de dados com sucesso. [] []
[2024-08-09T23:43:36.481237+02:00] app.INFO: Desconectado do banco de dados. [] []
[2024-08-09T23:45:05.070758+02:00] app.INFO: Tentativa de criação de um novo fornecedor. [] []
[2024-08-09T23:45:05.098360+02:00] app.INFO: Fornecedor criado com sucesso. {"nome":"Perdigão","cnpj":"76.346.567/0001-45"} []
[2024-08-09T23:45:05.136143+02:00] app.INFO: Usuário acessou a página de fornecedores. {"username":"Usuario1"} []
[2024-08-09T23:45:05.147363+02:00] app.INFO: Conectado ao banco de dados com sucesso. [] []
[2024-08-09T23:45:05.155703+02:00] app.INFO: Desconectado do banco de dados. [] []
[2024-08-09T23:45:45.627305+02:00] app.INFO: Tentativa de criação de um novo fornecedor. [] []
[2024-08-09T23:45:45.648892+02:00] app.INFO: Fornecedor criado com sucesso. {"nome":"Ricardo Eletro","cnpj":"76.346.567/0001-45"} []
[2024-08-09T23:45:45.696589+02:00] app.INFO: Usuário acessou a página de fornecedores. {"username":"Usuario1"} []
[2024-08-09T23:45:45.713516+02:00] app.INFO: Conectado ao banco de dados com sucesso. [] []
[2024-08-09T23:45:45.727870+02:00] app.INFO: Desconectado do banco de dados. [] []
[2024-08-09T23:46:25.408981+02:00] app.INFO: Tentativa de criação de um novo fornecedor. [] []
[2024-08-09T23:46:25.434157+02:00] app.INFO: Fornecedor criado com sucesso. {"nome":"Friboi","cnpj":"64.345.654/0001-67"} []
[2024-08-09T23:46:25.477664+02:00] app.INFO: Usuário acessou a página de fornecedores. {"username":"Usuario1"} []
[2024-08-09T23:46:25.493303+02:00] app.INFO: Conectado ao banco de dados com sucesso. [] []
[2024-08-09T23:46:25.507881+02:00] app.INFO: Desconectado do banco de dados. [] []
[2024-08-09T23:48:31.248215+02:00] app.INFO: Usuário acessou a página de fornecedores. {"username":"Usuario1"} []
[2024-08-09T23:48:31.266488+02:00] app.INFO: Conectado ao banco de dados com sucesso. [] []
[2024-08-09T23:48:31.275600+02:00] app.INFO: Tentativa de exclusão de um fornecedor. {"id":"66b68e312c4199ba7a0ed45c"} []
[2024-08-09T23:48:31.428441+02:00] app.INFO: Fornecedor excluído com sucesso. {"id":"66b68e312c4199ba7a0ed45c"} []
[2024-08-09T23:48:31.433789+02:00] app.INFO: Desconectado do banco de dados. [] []
[2024-08-09T23:49:06.978232+02:00] app.INFO: Tentativa de criação de um novo fornecedor. [] []
[2024-08-09T23:49:06.999524+02:00] app.INFO: Fornecedor criado com sucesso. {"nome":"Friboi","cnpj":"34.675.456/0001-45"} []
[2024-08-09T23:49:07.060710+02:00] app.INFO: Usuário acessou a página de fornecedores. {"username":"Usuario1"} []
[2024-08-09T23:49:07.083618+02:00] app.INFO: Conectado ao banco de dados com sucesso. [] []
[2024-08-09T23:49:07.099650+02:00] app.INFO: Desconectado do banco de dados. [] []
[2024-08-09T23:53:42.907930+02:00] app.INFO: Usuário acessou a página de clientes. {"username":"Usuario1"} []
[2024-08-09T23:53:42.925908+02:00] app.INFO: Conectado ao banco de dados com sucesso. [] []
[2024-08-09T23:53:42.943280+02:00] app.INFO: Desconectado do banco de dados. [] []
[2024-08-09T23:53:49.281271+02:00] app.INFO: Usuário acessou a página de fornecedores. {"username":"Usuario1"} []
[2024-08-09T23:53:49.294580+02:00] app.INFO: Conectado ao banco de dados com sucesso. [] []
[2024-08-09T23:53:49.308984+02:00] app.INFO: Desconectado do banco de dados. [] []
[2024-08-09T23:53:56.911099+02:00] app.INFO: Usuário acessou a página de fornecedores. {"username":"Usuario1"} []
[2024-08-09T23:53:56.918519+02:00] app.INFO: Conectado ao banco de dados com sucesso. [] []
[2024-08-09T23:53:56.931305+02:00] app.INFO: Desconectado do banco de dados. [] []
[2024-08-09T23:54:02.885599+02:00] app.INFO: Usuário acessou a página de fornecedores. {"username":"Usuario1"} []
[2024-08-09T23:54:02.897076+02:00] app.INFO: Conectado ao banco de dados com sucesso. [] []
[2024-08-09T23:54:02.905166+02:00] app.INFO: Desconectado do banco de dados. [] []
[2024-08-09T23:54:12.071523+02:00] app.INFO: Usuário acessou a página de fornecedores. {"username":"Usuario1"} []
[2024-08-09T23:54:12.099830+02:00] app.INFO: Conectado ao banco de dados com sucesso. [] []
[2024-08-09T23:54:12.105018+02:00] app.INFO: Tentativa de exclusão de um fornecedor. {"id":"66b68ed22c4199ba7a0ed45d"} []
[2024-08-09T23:54:12.116237+02:00] app.INFO: Fornecedor excluído com sucesso. {"id":"66b68ed22c4199ba7a0ed45d"} []
[2024-08-09T23:54:12.123080+02:00] app.INFO: Desconectado do banco de dados. [] []
[2024-08-09T23:54:35.323209+02:00] app.INFO: Tentativa de criação de um novo fornecedor. [] []
[2024-08-09T23:54:35.341106+02:00] app.INFO: Fornecedor criado com sucesso. {"nome":"Friboi","cnpj":"64.345.654/0001-67"} []
[2024-08-09T23:54:35.391152+02:00] app.INFO: Usuário acessou a página de fornecedores. {"username":"Usuario1"} []
[2024-08-09T23:54:35.405108+02:00] app.INFO: Conectado ao banco de dados com sucesso. [] []
[2024-08-09T23:54:35.414326+02:00] app.INFO: Desconectado do banco de dados. [] []
[2024-08-09T23:57:56.543213+02:00] app.INFO: Usuário acessou a página de fornecedores. {"username":"Usuario1"} []
[2024-08-09T23:57:56.555269+02:00] app.INFO: Conectado ao banco de dados com sucesso. [] []
[2024-08-09T23:57:56.571312+02:00] app.INFO: Desconectado do banco de dados. [] []
[2024-08-09T23:58:04.885593+02:00] app.INFO: Usuário acessou a página de fornecedores. {"username":"Usuario1"} []
[2024-08-09T23:58:04.904094+02:00] app.INFO: Conectado ao banco de dados com sucesso. [] []
[2024-08-09T23:58:04.923056+02:00] app.INFO: Desconectado do banco de dados. [] []
[2024-08-09T23:58:07.476488+02:00] app.INFO: Usuário acessou a página de fornecedores. {"username":"Usuario1"} []
[2024-08-09T23:58:07.493609+02:00] app.INFO: Conectado ao banco de dados com sucesso. [] []
[2024-08-09T23:58:07.508025+02:00] app.INFO: Desconectado do banco de dados. [] []
[2024-08-09T23:58:15.346352+02:00] app.INFO: Usuário acessou a página de fornecedores. {"username":"Usuario1"} []
[2024-08-09T23:58:15.353662+02:00] app.INFO: Conectado ao banco de dados com sucesso. [] []
[2024-08-09T23:58:15.365349+02:00] app.INFO: Desconectado do banco de dados. [] []
[2024-08-09T23:58:33.738578+02:00] app.INFO: Usuário acessou a página de fornecedores. {"username":"Usuario1"} []
[2024-08-09T23:58:33.750141+02:00] app.INFO: Conectado ao banco de dados com sucesso. [] []
[2024-08-09T23:58:33.764111+02:00] app.INFO: Desconectado do banco de dados. [] []
[2024-08-10T00:00:53.936253+02:00] app.INFO: Usuário acessou a página de fornecedores. {"username":"Usuario1"} []
[2024-08-10T00:00:53.951208+02:00] app.INFO: Conectado ao banco de dados com sucesso. [] []
[2024-08-10T00:00:53.964381+02:00] app.INFO: Desconectado do banco de dados. [] []
[2024-08-10T00:01:34.862243+02:00] app.INFO: Usuário acessou a página de fornecedores. {"username":"Usuario1"} []
[2024-08-10T00:01:34.876376+02:00] app.INFO: Conectado ao banco de dados com sucesso. [] []
[2024-08-10T00:01:34.891401+02:00] app.INFO: Desconectado do banco de dados. [] []
[2024-08-10T00:01:49.295407+02:00] app.INFO: Usuário acessou a página de fornecedores. {"username":"Usuario1"} []
[2024-08-10T00:01:49.303356+02:00] app.INFO: Conectado ao banco de dados com sucesso. [] []
[2024-08-10T00:01:49.315440+02:00] app.INFO: Desconectado do banco de dados. [] []
[2024-08-10T00:02:08.166039+02:00] app.INFO: Usuário acessou a página de fornecedores. {"username":"Usuario1"} []
[2024-08-10T00:02:08.177962+02:00] app.INFO: Conectado ao banco de dados com sucesso. [] []
[2024-08-10T00:02:08.185930+02:00] app.INFO: Desconectado do banco de dados. [] []
[2024-08-10T00:02:11.427734+02:00] app.INFO: Usuário acessou a página de fornecedores. {"username":"Usuario1"} []
[2024-08-10T00:02:11.445630+02:00] app.INFO: Conectado ao banco de dados com sucesso. [] []
[2024-08-10T00:02:11.460765+02:00] app.INFO: Desconectado do banco de dados. [] []
[2024-08-10T00:02:15.007402+02:00] app.INFO: Usuário acessou a página de fornecedores. {"username":"Usuario1"} []
[2024-08-10T00:02:15.019616+02:00] app.INFO: Conectado ao banco de dados com sucesso. [] []
[2024-08-10T00:02:15.032094+02:00] app.INFO: Desconectado do banco de dados. [] []
[2024-08-10T00:02:27.499163+02:00] app.INFO: Usuário acessou a página de fornecedores. {"username":"Usuario1"} []
[2024-08-10T00:02:27.510803+02:00] app.INFO: Conectado ao banco de dados com sucesso. [] []
[2024-08-10T00:02:27.518786+02:00] app.INFO: Desconectado do banco de dados. [] []
[2024-08-10T00:02:29.664414+02:00] app.INFO: Usuário acessou a página de clientes. {"username":"Usuario1"} []
[2024-08-10T00:02:29.680276+02:00] app.INFO: Conectado ao banco de dados com sucesso. [] []
[2024-08-10T00:02:29.696819+02:00] app.INFO: Desconectado do banco de dados. [] []
[2024-08-10T00:02:35.954166+02:00] app.INFO: Usuário acessou a página de clientes. {"username":"Usuario1"} []
[2024-08-10T00:02:35.969382+02:00] app.INFO: Conectado ao banco de dados com sucesso. [] []
[2024-08-10T00:02:35.983853+02:00] app.INFO: Desconectado do banco de dados. [] []
[2024-08-10T00:04:48.238918+02:00] app.INFO: Usuário acessou a página de clientes. {"username":"Usuario1"} []
[2024-08-10T00:04:48.256962+02:00] app.INFO: Conectado ao banco de dados com sucesso. [] []
[2024-08-10T00:04:48.273804+02:00] app.INFO: Desconectado do banco de dados. [] []
[2024-08-10T00:04:53.355544+02:00] app.INFO: Usuário acessou a página de fornecedores. {"username":"Usuario1"} []
[2024-08-10T00:04:53.371229+02:00] app.INFO: Conectado ao banco de dados com sucesso. [] []
[2024-08-10T00:04:53.390284+02:00] app.INFO: Desconectado do banco de dados. [] []
[2024-08-10T00:08:16.676265+02:00] app.INFO: Usuário acessou a página de fornecedores. {"username":"Usuario1"} []
[2024-08-10T00:08:16.689994+02:00] app.INFO: Conectado ao banco de dados com sucesso. [] []
[2024-08-10T00:08:16.713011+02:00] app.INFO: Desconectado do banco de dados. [] []
[2024-08-10T00:08:31.208638+02:00] app.INFO: Usuário acessou a página de fornecedores. {"username":"Usuario1"} []
[2024-08-10T00:08:31.224173+02:00] app.INFO: Conectado ao banco de dados com sucesso. [] []
[2024-08-10T00:08:31.236485+02:00] app.INFO: Desconectado do banco de dados. [] []
[2024-08-10T00:12:46.839579+02:00] app.INFO: Usuário acessou a página de fornecedores. {"username":"Usuario1"} []
[2024-08-10T00:12:46.853244+02:00] app.INFO: Conectado ao banco de dados com sucesso. [] []
[2024-08-10T00:12:46.866679+02:00] app.INFO: Desconectado do banco de dados. [] []
[2024-08-10T00:12:49.902843+02:00] app.INFO: Usuário acessou a página de clientes. {"username":"Usuario1"} []
[2024-08-10T00:12:49.918391+02:00] app.INFO: Conectado ao banco de dados com sucesso. [] []
[2024-08-10T00:12:49.947376+02:00] app.INFO: Desconectado do banco de dados. [] []
[2024-08-10T00:12:58.884429+02:00] app.INFO: Usuário acessou a página de clientes. {"username":"Usuario1"} []
[2024-08-10T00:12:58.901106+02:00] app.INFO: Conectado ao banco de dados com sucesso. [] []
[2024-08-10T00:12:58.915555+02:00] app.INFO: Desconectado do banco de dados. [] []
[2024-08-10T00:13:44.800642+02:00] app.INFO: Usuário acessou a página de fornecedores. {"username":"Usuario1"} []
[2024-08-10T00:13:44.815912+02:00] app.INFO: Conectado ao banco de dados com sucesso. [] []
[2024-08-10T00:13:44.830421+02:00] app.INFO: Desconectado do banco de dados. [] []
[2024-08-10T00:13:51.201166+02:00] app.INFO: Usuário acessou a página de fornecedores. {"username":"Usuario1"} []
[2024-08-10T00:13:51.208986+02:00] app.INFO: Conectado ao banco de dados com sucesso. [] []
[2024-08-10T00:13:51.221796+02:00] app.INFO: Desconectado do banco de dados. [] []
[2024-08-10T00:13:54.806502+02:00] app.INFO: Usuário acessou a página de fornecedores. {"username":"Usuario1"} []
[2024-08-10T00:13:54.817394+02:00] app.INFO: Conectado ao banco de dados com sucesso. [] []
[2024-08-10T00:13:54.831878+02:00] app.INFO: Desconectado do banco de dados. [] []
[2024-08-10T00:13:59.502245+02:00] app.INFO: Usuário acessou a página de fornecedores. {"username":"Usuario1"} []
[2024-08-10T00:13:59.510038+02:00] app.INFO: Conectado ao banco de dados com sucesso. [] []
[2024-08-10T00:13:59.523013+02:00] app.INFO: Desconectado do banco de dados. [] []
[2024-08-10T00:14:59.211537+02:00] app.INFO: Usuário acessou a página de fornecedores. {"username":"Usuario1"} []
[2024-08-10T00:14:59.231449+02:00] app.INFO: Conectado ao banco de dados com sucesso. [] []
[2024-08-10T00:14:59.251113+02:00] app.INFO: Desconectado do banco de dados. [] []
[2024-08-10T00:15:01.921017+02:00] app.INFO: Usuário acessou a página de fornecedores. {"username":"Usuario1"} []
[2024-08-10T00:15:01.929047+02:00] app.INFO: Conectado ao banco de dados com sucesso. [] []
[2024-08-10T00:15:01.941224+02:00] app.INFO: Desconectado do banco de dados. [] []
[2024-08-10T00:15:05.170096+02:00] app.INFO: Usuário acessou a página de fornecedores. {"username":"Usuario1"} []
[2024-08-10T00:15:05.187575+02:00] app.INFO: Conectado ao banco de dados com sucesso. [] []
[2024-08-10T00:15:05.205009+02:00] app.INFO: Desconectado do banco de dados. [] []
[2024-08-10T00:15:11.326474+02:00] app.INFO: Usuário acessou a página de fornecedores. {"username":"Usuario1"} []
[2024-08-10T00:15:11.340639+02:00] app.INFO: Conectado ao banco de dados com sucesso. [] []
[2024-08-10T00:15:11.354650+02:00] app.INFO: Desconectado do banco de dados. [] []
[2024-08-10T00:18:43.107643+02:00] app.INFO: Usuário acessou a página de fornecedores. {"username":"Usuario1"} []
[2024-08-10T00:18:43.119088+02:00] app.INFO: Conectado ao banco de dados com sucesso. [] []
[2024-08-10T00:18:43.134533+02:00] app.INFO: Desconectado do banco de dados. [] []
[2024-08-10T00:18:47.921961+02:00] app.INFO: Usuário acessou a página de fornecedores. {"username":"Usuario1"} []
[2024-08-10T00:18:47.933206+02:00] app.INFO: Conectado ao banco de dados com sucesso. [] []
[2024-08-10T00:18:47.941341+02:00] app.INFO: Desconectado do banco de dados. [] []
[2024-08-10T16:34:16.132837+02:00] app.WARNING: Aviso: Este é um aviso de exemplo. [] []
[2024-08-10T16:34:16.142520+02:00] app.ERROR: Erro: Este é um erro de exemplo. [] []
[2024-08-10T16:34:36.742081+02:00] app.WARNING: Aviso: Este é um aviso de exemplo. [] []
[2024-08-10T16:34:36.751052+02:00] app.ERROR: Erro: Este é um erro de exemplo. [] []
[2024-08-10T16:34:38.933026+02:00] app.INFO: Usuário acessou a página de fornecedores. {"username":"Usuario1"} []
[2024-08-10T16:34:38.950964+02:00] app.INFO: Conectado ao banco de dados com sucesso. [] []
[2024-08-10T16:34:38.966932+02:00] app.INFO: Desconectado do banco de dados. [] []
[2024-08-10T16:34:57.764767+02:00] app.INFO: Usuário acessou a página de fornecedores. {"username":"Usuario1"} []
[2024-08-10T16:34:57.846133+02:00] app.INFO: Conectado ao banco de dados com sucesso. [] []
[2024-08-10T16:34:57.869552+02:00] app.INFO: Desconectado do banco de dados. [] []
[2024-08-10T16:36:42.401040+02:00] app.INFO: Usuário acessou a página de fornecedores. {"username":"Usuario1"} []
[2024-08-10T16:36:42.425090+02:00] app.INFO: Conectado ao banco de dados com sucesso. [] []
[2024-08-10T16:36:42.443943+02:00] app.INFO: Desconectado do banco de dados. [] []
[2024-08-10T16:36:46.452278+02:00] app.INFO: Usuário acessou a página de fornecedores. {"username":"Usuario1"} []
[2024-08-10T16:36:46.460050+02:00] app.INFO: Conectado ao banco de dados com sucesso. [] []
[2024-08-10T16:36:46.475026+02:00] app.INFO: Desconectado do banco de dados. [] []
[2024-08-10T16:38:41.432722+02:00] app.INFO: Usuário acessou a página de fornecedores. {"username":"Usuario1"} []
[2024-08-10T16:38:41.462732+02:00] app.INFO: Conectado ao banco de dados com sucesso. [] []
[2024-08-10T16:38:41.508548+02:00] app.INFO: Desconectado do banco de dados. [] []
[2024-08-10T16:38:43.992545+02:00] app.INFO: Usuário acessou a página de fornecedores. {"username":"Usuario1"} []
[2024-08-10T16:38:44.077045+02:00] app.INFO: Conectado ao banco de dados com sucesso. [] []
[2024-08-10T16:38:44.088528+02:00] app.INFO: Desconectado do banco de dados. [] []
[2024-08-10T16:38:48.125217+02:00] app.INFO: Usuário acessou a página de fornecedores. {"username":"Usuario1"} []
[2024-08-10T16:38:48.140623+02:00] app.INFO: Conectado ao banco de dados com sucesso. [] []
[2024-08-10T16:38:48.155743+02:00] app.INFO: Desconectado do banco de dados. [] []
[2024-08-10T16:39:04.143783+02:00] app.INFO: Usuário acessou a página de fornecedores. {"username":"Usuario1"} []
[2024-08-10T16:39:04.156747+02:00] app.INFO: Conectado ao banco de dados com sucesso. [] []
[2024-08-10T16:39:04.171915+02:00] app.INFO: Desconectado do banco de dados. [] []
[2024-08-10T17:01:08.476220+02:00] app.WARNING: Aviso: Este é um aviso de exemplo. [] []
[2024-08-10T17:01:08.876140+02:00] app.ERROR: Erro: Este é um erro de exemplo. [] []
[2024-08-10T17:01:17.163243+02:00] app.WARNING: Aviso: Este é um aviso de exemplo. [] []
[2024-08-10T17:01:17.167475+02:00] app.ERROR: Erro: Este é um erro de exemplo. [] []
[2024-08-10T17:01:18.745492+02:00] app.INFO: Usuário acessou a página de fornecedores. {"username":"Usuario1"} []
[2024-08-10T17:01:18.763506+02:00] app.INFO: Conectado ao banco de dados com sucesso. [] []
[2024-08-10T17:01:18.780414+02:00] app.INFO: Desconectado do banco de dados. [] []
[2024-08-10T17:01:23.057260+02:00] app.INFO: Usuário acessou a página de fornecedores. {"username":"Usuario1"} []
[2024-08-10T17:01:23.073622+02:00] app.INFO: Conectado ao banco de dados com sucesso. [] []
[2024-08-10T17:01:23.086822+02:00] app.INFO: Desconectado do banco de dados. [] []
[2024-08-10T17:01:27.383906+02:00] app.INFO: Usuário acessou a página de clientes. {"username":"Usuario1"} []
[2024-08-10T17:01:27.399381+02:00] app.INFO: Conectado ao banco de dados com sucesso. [] []
[2024-08-10T17:01:27.414835+02:00] app.INFO: Desconectado do banco de dados. [] []
[2024-08-10T17:01:35.141747+02:00] app.INFO: Usuário acessou a página de clientes. {"username":"Usuario1"} []
[2024-08-10T17:01:35.163651+02:00] app.INFO: Conectado ao banco de dados com sucesso. [] []
[2024-08-10T17:01:35.180361+02:00] app.INFO: Desconectado do banco de dados. [] []
[2024-08-10T17:01:38.054481+02:00] app.INFO: Usuário acessou a página de clientes. {"username":"Usuario1"} []
[2024-08-10T17:01:38.065251+02:00] app.INFO: Conectado ao banco de dados com sucesso. [] []
[2024-08-10T17:01:38.079070+02:00] app.INFO: Desconectado do banco de dados. [] []
[2024-08-10T17:01:41.739834+02:00] app.INFO: Usuário acessou a página de fornecedores. {"username":"Usuario1"} []
[2024-08-10T17:01:41.756320+02:00] app.INFO: Conectado ao banco de dados com sucesso. [] []
[2024-08-10T17:01:41.784116+02:00] app.INFO: Desconectado do banco de dados. [] []
[2024-08-10T17:02:04.745365+02:00] app.INFO: Usuário acessou a página de fornecedores. {"username":"Usuario1"} []
[2024-08-10T17:02:04.763589+02:00] app.INFO: Conectado ao banco de dados com sucesso. [] []
[2024-08-10T17:02:04.780600+02:00] app.INFO: Desconectado do banco de dados. [] []
[2024-08-10T17:02:10.454119+02:00] app.INFO: Usuário acessou a página de fornecedores. {"username":"Usuario1"} []
[2024-08-10T17:02:10.467582+02:00] app.INFO: Conectado ao banco de dados com sucesso. [] []
[2024-08-10T17:02:10.483412+02:00] app.INFO: Desconectado do banco de dados. [] []
[2024-08-10T17:02:13.426343+02:00] app.INFO: Usuário acessou a página de fornecedores. {"username":"Usuario1"} []
[2024-08-10T17:02:13.437113+02:00] app.INFO: Conectado ao banco de dados com sucesso. [] []
[2024-08-10T17:02:13.470128+02:00] app.INFO: Desconectado do banco de dados. [] []
[2024-08-10T17:02:20.468659+02:00] app.INFO: Usuário acessou a página de fornecedores. {"username":"Usuario1"} []
[2024-08-10T17:02:20.478973+02:00] app.INFO: Conectado ao banco de dados com sucesso. [] []
[2024-08-10T17:02:20.502584+02:00] app.INFO: Desconectado do banco de dados. [] []
[2024-08-10T17:03:48.890923+02:00] app.WARNING: Aviso: Este é um aviso de exemplo. [] []
[2024-08-10T17:03:49.161707+02:00] app.ERROR: Erro: Este é um erro de exemplo. [] []
[2024-08-10T17:04:22.393339+02:00] app.WARNING: Aviso: Este é um aviso de exemplo. [] []
[2024-08-10T17:04:22.402259+02:00] app.ERROR: Erro: Este é um erro de exemplo. [] []
[2024-08-10T17:04:33.113163+02:00] app.WARNING: Aviso: Este é um aviso de exemplo. [] []
[2024-08-10T17:04:33.116442+02:00] app.ERROR: Erro: Este é um erro de exemplo. [] []
[2024-08-10T17:04:49.167277+02:00] app.INFO: Usuário acessou a página de clientes. {"username":"Usuario1"} []
[2024-08-10T17:04:49.185761+02:00] app.INFO: Conectado ao banco de dados com sucesso. [] []
[2024-08-10T17:04:49.204108+02:00] app.INFO: Desconectado do banco de dados. [] []
[2024-08-10T17:05:03.549146+02:00] app.INFO: Usuário acessou a página de clientes. {"username":"Usuario1"} []
[2024-08-10T17:05:03.560787+02:00] app.INFO: Conectado ao banco de dados com sucesso. [] []
[2024-08-10T17:05:03.576913+02:00] app.INFO: Desconectado do banco de dados. [] []
[2024-08-10T17:05:08.864204+02:00] app.INFO: Usuário acessou a página de clientes. {"username":"Usuario1"} []
[2024-08-10T17:05:08.871705+02:00] app.INFO: Conectado ao banco de dados com sucesso. [] []
[2024-08-10T17:05:08.883137+02:00] app.INFO: Desconectado do banco de dados. [] []
[2024-08-10T17:05:12.424712+02:00] app.INFO: Usuário acessou a página de fornecedores. {"username":"Usuario1"} []
[2024-08-10T17:05:12.503815+02:00] app.INFO: Conectado ao banco de dados com sucesso. [] []
[2024-08-10T17:05:12.514323+02:00] app.INFO: Desconectado do banco de dados. [] []
[2024-08-10T17:05:28.320525+02:00] app.INFO: Usuário acessou a página de fornecedores. {"username":"Usuario1"} []
[2024-08-10T17:05:28.331505+02:00] app.INFO: Conectado ao banco de dados com sucesso. [] []
[2024-08-10T17:05:28.343940+02:00] app.INFO: Desconectado do banco de dados. [] []
[2024-08-10T17:06:27.323055+02:00] app.INFO: Usuário acessou a página de fornecedores. {"username":"Usuario1"} []
[2024-08-10T17:06:27.335392+02:00] app.INFO: Conectado ao banco de dados com sucesso. [] []
[2024-08-10T17:06:27.344978+02:00] app.INFO: Desconectado do banco de dados. [] []
[2024-08-10T17:06:32.522544+02:00] app.INFO: Usuário acessou a página de fornecedores. {"username":"Usuario1"} []
[2024-08-10T17:06:32.536176+02:00] app.INFO: Conectado ao banco de dados com sucesso. [] []
[2024-08-10T17:06:32.554616+02:00] app.INFO: Desconectado do banco de dados. [] []
[2024-08-10T17:06:40.566318+02:00] app.INFO: Usuário acessou a página de fornecedores. {"username":"Usuario1"} []
[2024-08-10T17:06:40.574418+02:00] app.INFO: Conectado ao banco de dados com sucesso. [] []
[2024-08-10T17:06:40.589073+02:00] app.INFO: Desconectado do banco de dados. [] []
[2024-08-10T17:06:59.101531+02:00] app.INFO: Usuário acessou a página de fornecedores. {"username":"Usuario1"} []
[2024-08-10T17:06:59.119451+02:00] app.INFO: Conectado ao banco de dados com sucesso. [] []
[2024-08-10T17:06:59.134645+02:00] app.INFO: Desconectado do banco de dados. [] []
[2024-08-10T17:07:02.647348+02:00] app.INFO: Usuário acessou a página de fornecedores. {"username":"Usuario1"} []
[2024-08-10T17:07:02.659789+02:00] app.INFO: Conectado ao banco de dados com sucesso. [] []
[2024-08-10T17:07:02.668493+02:00] app.INFO: Desconectado do banco de dados. [] []
[2024-08-10T17:07:06.192560+02:00] app.INFO: Usuário acessou a página de clientes. {"username":"Usuario1"} []
[2024-08-10T17:07:06.207324+02:00] app.INFO: Conectado ao banco de dados com sucesso. [] []
[2024-08-10T17:07:06.220540+02:00] app.INFO: Desconectado do banco de dados. [] []
[2024-08-10T17:07:09.854333+02:00] app.INFO: Usuário acessou a página de clientes. {"username":"Usuario1"} []
[2024-08-10T17:07:09.868207+02:00] app.INFO: Conectado ao banco de dados com sucesso. [] []
[2024-08-10T17:07:09.884552+02:00] app.INFO: Desconectado do banco de dados. [] []
[2024-08-10T17:07:13.556397+02:00] app.INFO: Usuário acessou a página de clientes. {"username":"Usuario1"} []
[2024-08-10T17:07:13.563612+02:00] app.INFO: Conectado ao banco de dados com sucesso. [] []
[2024-08-10T17:07:13.576213+02:00] app.INFO: Desconectado do banco de dados. [] []
[2024-08-10T17:07:21.048741+02:00] app.WARNING: Aviso: Este é um aviso de exemplo. [] []
[2024-08-10T17:07:21.052077+02:00] app.ERROR: Erro: Este é um erro de exemplo. [] []
[2024-08-10T17:08:09.988394+02:00] app.WARNING: Aviso: Este é um aviso de exemplo. [] []
[2024-08-10T17:08:09.991617+02:00] app.ERROR: Erro: Este é um erro de exemplo. [] []
[2024-08-10T17:08:20.770725+02:00] app.WARNING: Aviso: Este é um aviso de exemplo. [] []
[2024-08-10T17:08:20.774035+02:00] app.ERROR: Erro: Este é um erro de exemplo. [] []
[2024-08-10T17:08:26.695609+02:00] app.WARNING: Aviso: Este é um aviso de exemplo. [] []
[2024-08-10T17:08:26.698917+02:00] app.ERROR: Erro: Este é um erro de exemplo. [] []
[2024-08-10T17:08:52.419079+02:00] app.INFO: Usuário acessou a página de clientes. {"username":"Usuario1"} []
[2024-08-10T17:08:52.433265+02:00] app.INFO: Conectado ao banco de dados com sucesso. [] []
[2024-08-10T17:08:52.449544+02:00] app.INFO: Desconectado do banco de dados. [] []
[2024-08-10T17:08:57.224316+02:00] app.INFO: Usuário acessou a página de clientes. {"username":"Usuario1"} []
[2024-08-10T17:08:57.238043+02:00] app.INFO: Conectado ao banco de dados com sucesso. [] []
[2024-08-10T17:08:57.246392+02:00] app.INFO: Desconectado do banco de dados. [] []
[2024-08-10T17:09:25.410125+02:00] app.INFO: Usuário acessou a página de clientes. {"username":"Usuario1"} []
[2024-08-10T17:09:25.422750+02:00] app.INFO: Conectado ao banco de dados com sucesso. [] []
[2024-08-10T17:09:25.436055+02:00] app.INFO: Desconectado do banco de dados. [] []
[2024-08-10T17:09:30.345669+02:00] app.INFO: Usuário acessou a página de fornecedores. {"username":"Usuario1"} []
[2024-08-10T17:09:30.356682+02:00] app.INFO: Conectado ao banco de dados com sucesso. [] []
[2024-08-10T17:09:30.368232+02:00] app.INFO: Desconectado do banco de dados. [] []
[2024-08-10T17:09:40.148854+02:00] app.INFO: Usuário acessou a página de fornecedores. {"username":"Usuario1"} []
[2024-08-10T17:09:40.163967+02:00] app.INFO: Conectado ao banco de dados com sucesso. [] []
[2024-08-10T17:09:40.177764+02:00] app.INFO: Desconectado do banco de dados. [] []
[2024-08-10T17:10:15.034698+02:00] app.INFO: Usuário acessou a página de clientes. {"username":"Usuario1"} []
[2024-08-10T17:10:15.045752+02:00] app.INFO: Conectado ao banco de dados com sucesso. [] []
[2024-08-10T17:10:15.055876+02:00] app.INFO: Desconectado do banco de dados. [] []
[2024-08-10T17:10:18.441936+02:00] app.INFO: Usuário acessou a página de clientes. {"username":"Usuario1"} []
[2024-08-10T17:10:18.449129+02:00] app.INFO: Conectado ao banco de dados com sucesso. [] []
[2024-08-10T17:10:18.463830+02:00] app.INFO: Desconectado do banco de dados. [] []
[2024-08-10T17:10:21.069073+02:00] app.INFO: Usuário acessou a página de clientes. {"username":"Usuario1"} []
[2024-08-10T17:10:21.078730+02:00] app.INFO: Conectado ao banco de dados com sucesso. [] []
[2024-08-10T17:10:21.094725+02:00] app.INFO: Desconectado do banco de dados. [] []
[2024-08-10T21:07:02.835349+02:00] app.WARNING: Aviso: Este é um aviso de exemplo. [] []
[2024-08-10T21:07:02.957508+02:00] app.ERROR: Erro: Este é um erro de exemplo. [] []
[2024-08-10T21:07:12.356109+02:00] app.WARNING: Aviso: Este é um aviso de exemplo. [] []
[2024-08-10T21:07:12.364007+02:00] app.ERROR: Erro: Este é um erro de exemplo. [] []
[2024-08-10T21:07:14.130515+02:00] app.INFO: Usuário acessou a página de clientes. {"username":"Usuario1"} []
[2024-08-10T21:07:14.151026+02:00] app.INFO: Conectado ao banco de dados com sucesso. [] []
[2024-08-10T21:07:14.165617+02:00] app.INFO: Desconectado do banco de dados. [] []
[2024-08-10T21:07:17.031111+02:00] app.INFO: Usuário acessou a página de clientes. {"username":"Usuario1"} []
[2024-08-10T21:07:17.043475+02:00] app.INFO: Conectado ao banco de dados com sucesso. [] []
[2024-08-10T21:07:17.055533+02:00] app.INFO: Desconectado do banco de dados. [] []
[2024-08-10T21:07:19.734357+02:00] app.INFO: Usuário acessou a página de clientes. {"username":"Usuario1"} []
[2024-08-10T21:07:19.750227+02:00] app.INFO: Conectado ao banco de dados com sucesso. [] []
[2024-08-10T21:07:19.765012+02:00] app.INFO: Desconectado do banco de dados. [] []
[2024-08-10T21:07:21.721054+02:00] app.INFO: Usuário acessou a página de clientes. {"username":"Usuario1"} []
[2024-08-10T21:07:21.737040+02:00] app.INFO: Conectado ao banco de dados com sucesso. [] []
[2024-08-10T21:07:21.751849+02:00] app.INFO: Desconectado do banco de dados. [] []
[2024-08-10T21:07:24.461851+02:00] app.INFO: Usuário acessou a página de fornecedores. {"username":"Usuario1"} []
[2024-08-10T21:07:24.481981+02:00] app.INFO: Conectado ao banco de dados com sucesso. [] []
[2024-08-10T21:07:24.498579+02:00] app.INFO: Desconectado do banco de dados. [] []
[2024-08-10T21:07:27.023176+02:00] app.INFO: Usuário acessou a página de fornecedores. {"username":"Usuario1"} []
[2024-08-10T21:07:27.040417+02:00] app.INFO: Conectado ao banco de dados com sucesso. [] []
[2024-08-10T21:07:27.061349+02:00] app.INFO: Desconectado do banco de dados. [] []
[2024-08-10T21:07:29.240944+02:00] app.INFO: Usuário acessou a página de fornecedores. {"username":"Usuario1"} []
[2024-08-10T21:07:29.254821+02:00] app.INFO: Conectado ao banco de dados com sucesso. [] []
[2024-08-10T21:07:29.266364+02:00] app.INFO: Desconectado do banco de dados. [] []
[2024-08-10T21:07:32.679049+02:00] app.INFO: Usuário acessou a página de fornecedores. {"username":"Usuario1"} []
[2024-08-10T21:07:32.686540+02:00] app.INFO: Conectado ao banco de dados com sucesso. [] []
[2024-08-10T21:07:32.697522+02:00] app.INFO: Desconectado do banco de dados. [] []
